<?xml version="1.0" encoding="UTF-8"?>
<!-- Generated by org.testng.reporters.JUnitXMLReporter -->
<testsuite ignored="0" hostname="LAPTOP-T5D00340" failures="0" tests="3" name="Default test" time="2.359" errors="0" timestamp="2021-08-02T00:16:59 IST">
  <testcase classname="javaBasics.DataProviders" name="@BeforeTest setup" time="2.307">
    <failure type="org.openqa.selenium.SessionNotCreatedException" message="session not created: This version of ChromeDriver only supports Chrome version 87
Current browser version is 92.0.4515.107 with binary path C:\Program Files\Google\Chrome\Application\chrome.exe
Build info: version: &amp;apos;4.0.0-alpha-7&amp;apos;, revision: &amp;apos;Unknown&amp;apos;
System info: host: &amp;apos;LAPTOP-T5D00340&amp;apos;, ip: &amp;apos;192.168.1.7&amp;apos;, os.name: &amp;apos;Windows 10&amp;apos;, os.arch: &amp;apos;amd64&amp;apos;, os.version: &amp;apos;10.0&amp;apos;, java.version: &amp;apos;15.0.2&amp;apos;
Driver info: driver.version: ChromeDriver
remote stacktrace: Backtrace:
	Ordinal0 [0x0104ECE3+3337443]
	Ordinal0 [0x00F2F041+2158657]
	Ordinal0 [0x00DB6FA8+618408]
	Ordinal0 [0x00D31D52+73042]
	Ordinal0 [0x00D2E0D8+57560]
	Ordinal0 [0x00D2C38A+50058]
	Ordinal0 [0x00D55E8E+220814]
	Ordinal0 [0x00D55BFC+220156]
	Ordinal0 [0x00D5181B+202779]
	Ordinal0 [0x00D33D74+81268]
	Ordinal0 [0x00D34D6E+85358]
	Ordinal0 [0x00D34CF9+85241]
	Ordinal0 [0x00F46F2C+2256684]
	GetHandleVerifier [0x011D2FAC+1478332]
	GetHandleVerifier [0x011D2AFD+1477133]
	GetHandleVerifier [0x011DAAD8+1509864]
	GetHandleVerifier [0x011D369E+1480110]
	Ordinal0 [0x00F3D6BD+2217661]
	Ordinal0 [0x00F489AB+2263467]
	Ordinal0 [0x00F48AEF+2263791]
	Ordinal0 [0x00F5D363+2347875]
	BaseThreadInitThunk [0x7641FA29+25]
	RtlGetAppContainerNamedObjectPath [0x77CA7A7E+286]
	RtlGetAppContainerNamedObjectPath [0x77CA7A4E+238]
">
      <![CDATA[org.openqa.selenium.SessionNotCreatedException: session not created: This version of ChromeDriver only supports Chrome version 87
Current browser version is 92.0.4515.107 with binary path C:\Program Files\Google\Chrome\Application\chrome.exe
Build info: version: '4.0.0-alpha-7', revision: 'Unknown'
System info: host: 'LAPTOP-T5D00340', ip: '192.168.1.7', os.name: 'Windows 10', os.arch: 'amd64', os.version: '10.0', java.version: '15.0.2'
Driver info: driver.version: ChromeDriver
remote stacktrace: Backtrace:
Ordinal0 [0x0104ECE3+3337443]
Ordinal0 [0x00F2F041+2158657]
Ordinal0 [0x00DB6FA8+618408]
Ordinal0 [0x00D31D52+73042]
Ordinal0 [0x00D2E0D8+57560]
Ordinal0 [0x00D2C38A+50058]
Ordinal0 [0x00D55E8E+220814]
Ordinal0 [0x00D55BFC+220156]
Ordinal0 [0x00D5181B+202779]
Ordinal0 [0x00D33D74+81268]
Ordinal0 [0x00D34D6E+85358]
Ordinal0 [0x00D34CF9+85241]
Ordinal0 [0x00F46F2C+2256684]
GetHandleVerifier [0x011D2FAC+1478332]
GetHandleVerifier [0x011D2AFD+1477133]
GetHandleVerifier [0x011DAAD8+1509864]
GetHandleVerifier [0x011D369E+1480110]
Ordinal0 [0x00F3D6BD+2217661]
Ordinal0 [0x00F489AB+2263467]
Ordinal0 [0x00F48AEF+2263791]
Ordinal0 [0x00F5D363+2347875]
BaseThreadInitThunk [0x7641FA29+25]
RtlGetAppContainerNamedObjectPath [0x77CA7A7E+286]
RtlGetAppContainerNamedObjectPath [0x77CA7A4E+238]

at java.base/jdk.internal.reflect.NativeConstructorAccessorImpl.newInstance0(Native Method)
at java.base/jdk.internal.reflect.NativeConstructorAccessorImpl.newInstance(NativeConstructorAccessorImpl.java:64)
at java.base/jdk.internal.reflect.DelegatingConstructorAccessorImpl.newInstance(DelegatingConstructorAccessorImpl.java:45)
at java.base/java.lang.reflect.Constructor.newInstanceWithCaller(Constructor.java:500)
at java.base/java.lang.reflect.Constructor.newInstance(Constructor.java:481)
at org.openqa.selenium.remote.W3CHandshakeResponse.lambda$errorHandler$0(W3CHandshakeResponse.java:62)
at org.openqa.selenium.remote.HandshakeResponse.lambda$getResponseFunction$0(HandshakeResponse.java:30)
at org.openqa.selenium.remote.ProtocolHandshake.lambda$createSession$1(ProtocolHandshake.java:126)
at java.base/java.util.stream.ReferencePipeline$3$1.accept(ReferencePipeline.java:195)
at java.base/java.util.Spliterators$ArraySpliterator.tryAdvance(Spliterators.java:958)
at java.base/java.util.stream.ReferencePipeline.forEachWithCancel(ReferencePipeline.java:127)
at java.base/java.util.stream.AbstractPipeline.copyIntoWithCancel(AbstractPipeline.java:502)
at java.base/java.util.stream.AbstractPipeline.copyInto(AbstractPipeline.java:488)
at java.base/java.util.stream.AbstractPipeline.wrapAndCopyInto(AbstractPipeline.java:474)
at java.base/java.util.stream.FindOps$FindOp.evaluateSequential(FindOps.java:150)
at java.base/java.util.stream.AbstractPipeline.evaluate(AbstractPipeline.java:234)
at java.base/java.util.stream.ReferencePipeline.findFirst(ReferencePipeline.java:543)
at org.openqa.selenium.remote.ProtocolHandshake.createSession(ProtocolHandshake.java:128)
at org.openqa.selenium.remote.ProtocolHandshake.createSession(ProtocolHandshake.java:75)
at org.openqa.selenium.remote.HttpCommandExecutor.execute(HttpCommandExecutor.java:139)
at org.openqa.selenium.remote.service.DriverCommandExecutor.execute(DriverCommandExecutor.java:123)
at org.openqa.selenium.remote.RemoteWebDriver.execute(RemoteWebDriver.java:501)
at org.openqa.selenium.remote.RemoteWebDriver.startSession(RemoteWebDriver.java:207)
at org.openqa.selenium.remote.RemoteWebDriver.<init>(RemoteWebDriver.java:127)
at org.openqa.selenium.chromium.ChromiumDriver.<init>(ChromiumDriver.java:93)
at org.openqa.selenium.chrome.ChromeDriver.<init>(ChromeDriver.java:163)
at org.openqa.selenium.chrome.ChromeDriver.<init>(ChromeDriver.java:150)
at org.openqa.selenium.chrome.ChromeDriver.<init>(ChromeDriver.java:105)
at javaBasics.DataProviders.setup(DataProviders.java:23)
at java.base/jdk.internal.reflect.NativeMethodAccessorImpl.invoke0(Native Method)
at java.base/jdk.internal.reflect.NativeMethodAccessorImpl.invoke(NativeMethodAccessorImpl.java:64)
at java.base/jdk.internal.reflect.DelegatingMethodAccessorImpl.invoke(DelegatingMethodAccessorImpl.java:43)
at java.base/java.lang.reflect.Method.invoke(Method.java:564)
at org.testng.internal.MethodInvocationHelper.invokeMethod(MethodInvocationHelper.java:133)
at org.testng.internal.MethodInvocationHelper.invokeMethodConsideringTimeout(MethodInvocationHelper.java:62)
at org.testng.internal.ConfigInvoker.invokeConfigurationMethod(ConfigInvoker.java:385)
at org.testng.internal.ConfigInvoker.invokeConfigurations(ConfigInvoker.java:321)
at org.testng.TestRunner.invokeTestConfigurations(TestRunner.java:637)
at org.testng.TestRunner.beforeRun(TestRunner.java:627)
at org.testng.TestRunner.run(TestRunner.java:589)
at org.testng.SuiteRunner.runTest(SuiteRunner.java:377)
at org.testng.SuiteRunner.runSequentially(SuiteRunner.java:371)
at org.testng.SuiteRunner.privateRun(SuiteRunner.java:332)
at org.testng.SuiteRunner.run(SuiteRunner.java:276)
at org.testng.SuiteRunnerWorker.runSuite(SuiteRunnerWorker.java:53)
at org.testng.SuiteRunnerWorker.run(SuiteRunnerWorker.java:96)
at org.testng.TestNG.runSuitesSequentially(TestNG.java:1212)
at org.testng.TestNG.runSuitesLocally(TestNG.java:1134)
at org.testng.TestNG.runSuites(TestNG.java:1063)
at org.testng.TestNG.run(TestNG.java:1031)
at org.testng.remote.AbstractRemoteTestNG.run(AbstractRemoteTestNG.java:115)
at org.testng.remote.RemoteTestNG.initAndRun(RemoteTestNG.java:251)
at org.testng.remote.RemoteTestNG.main(RemoteTestNG.java:77)
]]>
    </failure>
  </testcase> <!-- @BeforeTest setup -->
  <testcase classname="javaBasics.DataProviders" name="@AfterTest closeBrowser" time="-1.627843619572E9">
    <skipped/>
  </testcase> <!-- @AfterTest closeBrowser -->
  <testcase classname="javaBasics.DataProviders" name="testMethod" time="0.0">
    <skipped/>
  </testcase> <!-- testMethod -->
  <testcase classname="javaBasics.DataProviders" name="testMethod" time="0.0">
    <skipped/>
  </testcase> <!-- testMethod -->
  <testcase classname="javaBasics.DataProviders" name="testMethod" time="0.0">
    <skipped/>
  </testcase> <!-- testMethod -->
</testsuite> <!-- Default test -->
